<?xml version="1.0" encoding="UTF-8"?>
<!-- Generated by org.testng.reporters.JUnitReportReporter -->
<testsuite hostname="DESKTOP-FIK5SPH" failures="0" tests="4" name="com.maven.stcm" time="0.037" errors="0" timestamp="2022-12-08T19:33:10 IST" skipped="0">
  <testcase classname="com.maven.stcm" name="Muthuvel" time="0.013"/>
  <system-out/>
  <testcase classname="com.maven.stcm" name="Priya" time="0.006"/>
  <system-out/>
  <testcase classname="com.maven.stcm" name="Mukil" time="0.009"/>
  <system-out/>
  <testcase classname="com.maven.stcm" name="Ragha" time="0.009"/>
  <system-out/>
</testsuite> <!-- com.maven.stcm -->
