<?xml version="1.0" encoding="UTF-8"?>
<!-- Generated by org.testng.reporters.JUnitReportReporter -->
<testsuite hostname="DESKTOP-FIK5SPH" failures="0" tests="3" name="com.maven.dataprovider" time="0.017" errors="0" timestamp="2022-12-13T13:40:36 IST" skipped="0">
  <testcase classname="com.maven.dataprovider" name="login" time="0.003"/>
  <system-out/>
  <testcase classname="com.maven.dataprovider" name="login" time="0.004"/>
  <system-out/>
  <testcase classname="com.maven.dataprovider" name="login" time="0.010"/>
  <system-out/>
</testsuite> <!-- com.maven.dataprovider -->
