<?xml version="1.0" encoding="UTF-8"?>
<!-- Generated by org.testng.reporters.JUnitReportReporter -->
<testsuite hostname="DESKTOP-FIK5SPH" failures="0" tests="2" name="com.maven.parallel" time="0.030" errors="0" timestamp="2022-12-13T12:49:05 IST" skipped="0">
  <testcase classname="com.maven.parallel" name="Facebook" time="0.015"/>
  <system-out/>
  <testcase classname="com.maven.parallel" name="Instagram" time="0.015"/>
  <system-out/>
</testsuite> <!-- com.maven.parallel -->
