<?xml version="1.0" encoding="UTF-8"?>
<!-- Generated by org.testng.reporters.JUnitReportReporter -->
<testsuite hostname="DESKTOP-FIK5SPH" failures="0" tests="1" name="com.maven.Assert_softassert" time="0.025" errors="0" timestamp="2022-12-13T12:58:31 IST" skipped="0">
  <testcase classname="com.maven.Assert_softassert" name="SoftAssert" time="0.025"/>
  <system-out/>
</testsuite> <!-- com.maven.Assert_softassert -->
