<?xml version="1.0" encoding="UTF-8"?>
<!-- Generated by org.testng.reporters.JUnitReportReporter -->
<testsuite hostname="DESKTOP-FIK5SPH" failures="0" tests="1" name="com.maven.expectedexception" time="0.014" errors="0" timestamp="2022-12-13T12:44:27 IST" skipped="0">
  <testcase classname="com.maven.expectedexception" name="demo" time="0.014"/>
  <system-out/>
</testsuite> <!-- com.maven.expectedexception -->
