<?xml version="1.0" encoding="UTF-8"?>
<!-- Generated by org.testng.reporters.JUnitReportReporter -->
<testsuite hostname="DESKTOP-FIK5SPH" failures="0" tests="1" name="com.maven.Timeout" time="5.041" errors="0" timestamp="2022-12-12T13:33:22 IST" skipped="0">
  <testcase classname="com.maven.Timeout" name="login" time="5.041"/>
  <system-out/>
</testsuite> <!-- com.maven.Timeout -->
