<?xml version="1.0" encoding="UTF-8"?>
<!-- Generated by org.testng.reporters.JUnitReportReporter -->
<testsuite hostname="DESKTOP-FIK5SPH" failures="0" tests="1" name="com.restassured.Newgetdata" time="3.521" errors="0" timestamp="2022-11-28T11:22:07 IST" skipped="0">
  <testcase classname="com.restassured.Newgetdata" name="Getallusers" time="3.521"/>
  <system-out/>
</testsuite> <!-- com.restassured.Newgetdata -->
