<?xml version="1.0" encoding="UTF-8"?>
<!-- Generated by org.testng.reporters.JUnitReportReporter -->
<testsuite hostname="DESKTOP-FIK5SPH" failures="0" tests="1" name="com.restassured.create" time="3.776" errors="0" timestamp="2022-11-28T11:27:33 IST" skipped="0">
  <testcase classname="com.restassured.create" name="usercreate" time="3.776"/>
  <system-out/>
</testsuite> <!-- com.restassured.create -->
