<?xml version="1.0" encoding="UTF-8"?>
<!-- Generated by org.testng.reporters.JUnitReportReporter -->
<testsuite hostname="DESKTOP-FIK5SPH" failures="0" tests="1" name="com.restassured.Delete" time="3.716" errors="0" timestamp="2022-11-28T11:33:55 IST" skipped="0">
  <testcase classname="com.restassured.Delete" name="DataDelete" time="3.716"/>
  <system-out/>
</testsuite> <!-- com.restassured.Delete -->
