<?xml version="1.0" encoding="UTF-8"?>
<!-- Generated by org.testng.reporters.JUnitReportReporter -->
<testsuite hostname="DESKTOP-FIK5SPH" failures="0" tests="1" name="com.maven.Assert_hardassert" time="0.017" errors="0" timestamp="2022-12-13T12:53:23 IST" skipped="0">
  <testcase classname="com.maven.Assert_hardassert" name="hardassert" time="0.017"/>
  <system-out/>
</testsuite> <!-- com.maven.Assert_hardassert -->
