<?xml version="1.0" encoding="UTF-8"?>
<!-- Generated by org.testng.reporters.JUnitReportReporter -->
<testsuite hostname="DESKTOP-FIK5SPH" failures="0" tests="3" name="com.maven.ignore_concepts" time="0.012" errors="0" timestamp="2022-12-12T12:53:14 IST" skipped="1">
  <testcase classname="com.maven.ignore_concepts" name="vegfriedrice" time="0.002"/>
  <system-out/>
  <testcase classname="com.maven.ignore_concepts" name="curdrice" time="0.010"/>
  <system-out/>
  <testcase classname="com.maven.ignore_concepts" name="lemonrice">
    <skipped/>
  </testcase> <!-- lemonrice -->
  <system-out/>
</testsuite> <!-- com.maven.ignore_concepts -->
