<?xml version="1.0" encoding="UTF-8"?>
<!-- Generated by org.testng.reporters.JUnitReportReporter -->
<testsuite hostname="DESKTOP-FIK5SPH" failures="0" tests="2" name="com.maven.Dependsonmethods" time="0.010" errors="0" timestamp="2022-12-12T13:31:39 IST" skipped="0">
  <testcase classname="com.maven.Dependsonmethods" name="ValidCredentails" time="0.009"/>
  <system-out/>
  <testcase classname="com.maven.Dependsonmethods" name="Loginpage" time="0.001"/>
  <system-out/>
</testsuite> <!-- com.maven.Dependsonmethods -->
