<?xml version="1.0" encoding="UTF-8"?>
<!-- Generated by org.testng.reporters.JUnitReportReporter -->
<testsuite hostname="DESKTOP-FIK5SPH" failures="0" tests="9" name="com.maven.Grouping_concepts" time="0.052" errors="0" timestamp="2022-12-13T12:39:38 IST" skipped="0">
  <testcase classname="com.maven.Grouping_concepts" name="lilly" time="0.004"/>
  <system-out/>
  <testcase classname="com.maven.Grouping_concepts" name="papaya" time="0.001"/>
  <system-out/>
  <testcase classname="com.maven.Grouping_concepts" name="rose" time="0.004"/>
  <system-out/>
  <testcase classname="com.maven.Grouping_concepts" name="sapotta" time="0.010"/>
  <system-out/>
  <testcase classname="com.maven.Grouping_concepts" name="apple" time="0.018"/>
  <system-out/>
  <testcase classname="com.maven.Grouping_concepts" name="cabbage" time="0.003"/>
  <system-out/>
  <testcase classname="com.maven.Grouping_concepts" name="carrot" time="0.004"/>
  <system-out/>
  <testcase classname="com.maven.Grouping_concepts" name="mango" time="0.001"/>
  <system-out/>
  <testcase classname="com.maven.Grouping_concepts" name="potato" time="0.007"/>
  <system-out/>
</testsuite> <!-- com.maven.Grouping_concepts -->
