<?xml version="1.0" encoding="UTF-8"?>
<!-- Generated by org.testng.reporters.JUnitReportReporter -->
<testsuite hostname="DESKTOP-FIK5SPH" failures="0" tests="1" name="com.restassured.update" time="4.009" errors="0" timestamp="2022-11-28T11:22:53 IST" skipped="0">
  <testcase classname="com.restassured.update" name="usercreate" time="4.009"/>
  <system-out/>
</testsuite> <!-- com.restassured.update -->
