<?xml version="1.0" encoding="UTF-8"?>
<!-- Generated by org.testng.reporters.JUnitReportReporter -->
<testsuite hostname="DESKTOP-FIK5SPH" failures="0" tests="1" name="com.restassured.valueupdate" time="3.664" errors="0" timestamp="2022-11-28T11:31:11 IST" skipped="0">
  <testcase classname="com.restassured.valueupdate" name="f" time="3.664"/>
  <system-out/>
</testsuite> <!-- com.restassured.valueupdate -->
